{"level":"info","message":"Hello from Acquisitions!","service":"aquisitions-api"}
{"level":"info","message":"Hello from Acquisitions!","service":"aquisitions-api"}
{"level":"info","message":"Hello from Acquisitions!","service":"aquisitions-api"}
{"level":"info","message":"User registered successfully: contact@anthonyodx.com","service":"aquisitions-api"}
{"level":"info","message":"User admin@anthonyodx.pro created successfully","service":"aquisitions-api"}
{"level":"info","message":"User registered successfully: admin@anthonyodx.pro","service":"aquisitions-api"}
{"level":"info","message":"User admin@anthonyodx.com created successfully","service":"aquisitions-api"}
{"level":"info","message":"User registered successfully: admin@anthonyodx.com","service":"aquisitions-api"}
{"level":"info","message":"User ant@anthonyodx.com created successfully","service":"aquisitions-api"}
{"level":"info","message":"User registered successfully: ant@anthonyodx.com","service":"aquisitions-api"}
{"level":"info","message":"User jane.1759868736@example.com created successfully","service":"aquisitions-api"}
{"level":"info","message":"User registered successfully: jane.1759868736@example.com","service":"aquisitions-api"}
{"level":"info","message":"User jane.1759868736@example.com authenticated successfully","service":"aquisitions-api"}
{"level":"info","message":"User signed in successfully: jane.1759868736@example.com","service":"aquisitions-api"}
{"level":"info","message":"User signed out","service":"aquisitions-api"}
{"level":"info","message":"User ant@anthonyodx.com authenticated successfully","service":"aquisitions-api"}
{"level":"info","message":"User signed in successfully: ant@anthonyodx.com","service":"aquisitions-api"}
{"level":"info","message":"User ant@anthonyodx.com authenticated successfully","service":"aquisitions-api"}
{"level":"info","message":"User signed in successfully: ant@anthonyodx.com","service":"aquisitions-api"}
{"level":"info","message":"User signed out","service":"aquisitions-api"}
